<?xml version="1.0" encoding="UTF-8"?>
<robot generator="Robot 7.4.1 (Python 3.12.12 on darwin)" generated="2026-02-09T11:35:37.376128" rpa="false" schemaversion="5">
<suite id="s1" name="Booking Flow" source="/Users/user/IdeaProjects/ui-automation/tests/booking_flow.robot">
<test id="s1-t1" name="Verify Doctor Appointment Booking Flow" line="5">
<kw name="Open Doctors Listing Page" owner="booking_keywords">
<kw name="New Browser" owner="Browser">
<msg time="2026-02-09T11:35:37.673959" level="INFO">{"browser": "chromium", "headless": false, "chromiumSandbox": false, "devtools": false, "handleSIGHUP": true, "handleSIGINT": true, "handleSIGTERM": true, "slowMo": 0.0, "timeout": 30000.0, "tracesDir": "/Users/user/IdeaProjects/ui-automation/browser/traces/temp/8b783455-688e-46e7-91e2-b5221e49f0a1"}</msg>
<msg time="2026-02-09T11:35:37.731044" level="INFO">Starting Browser process /Users/user/IdeaProjects/ui-automation/venv/lib/python3.12/site-packages/Browser/wrapper/index.js using at 127.0.0.1:55874</msg>
<msg time="2026-02-09T11:35:40.281726" level="INFO">Successfully created browser with options: {"browser":"chromium","headless":false,"chromiumSandbox":false,"devtools":false,"handleSIGHUP":true,"handleSIGINT":true,"handleSIGTERM":true,"slowMo":0,"timeout":30000,"tracesDir":"/Users/user/IdeaProjects/ui-automation/browser/traces/temp/8b783455-688e-46e7-91e2-b5221e49f0a1"}</msg>
<arg>browser=${BROWSER}</arg>
<arg>headless=${HEADLESS}</arg>
<tag>BrowserControl</tag>
<tag>Setter</tag>
<doc>Create a new playwright Browser with specified options.</doc>
<status status="PASS" start="2026-02-09T11:35:37.673067" elapsed="2.609110"/>
</kw>
<kw name="New Context" owner="Browser">
<msg time="2026-02-09T11:35:40.286168" level="INFO">{
  "acceptDownloads": true,
  "bypassCSP": false,
  "forcedColors": "none",
  "ignoreHTTPSErrors": false,
  "javaScriptEnabled": true,
  "offline": false,
  "reducedMotion": "no-preference",
  "serviceWorkers": "allow",
  "viewport": {
    "width": 1920,
    "height": 1080
  }
}</msg>
<msg time="2026-02-09T11:35:40.299602" level="INFO">Successfully created context. </msg>
<msg time="2026-02-09T11:35:40.299683" level="INFO">{'acceptDownloads': True, 'bypassCSP': False, 'forcedColors': 'none', 'ignoreHTTPSErrors': False, 'javaScriptEnabled': True, 'offline': False, 'reducedMotion': 'no-preference', 'serviceWorkers': 'allow', 'viewport': {'width': 1920, 'height': 1080}}</msg>
<arg>viewport={'width': 1920, 'height': 1080}</arg>
<tag>BrowserControl</tag>
<tag>Setter</tag>
<doc>Create a new BrowserContext with specified options.</doc>
<status status="PASS" start="2026-02-09T11:35:40.282963" elapsed="0.016820"/>
</kw>
<kw name="New Page" owner="Browser">
<msg time="2026-02-09T11:35:48.354370" level="INFO">Successfully initialized new page object and opened url: https://www.practo.com/tawang/doctors</msg>
<arg>${BASE_URL}</arg>
<tag>BrowserControl</tag>
<tag>Setter</tag>
<doc>Open a new Page.</doc>
<status status="PASS" start="2026-02-09T11:35:40.300022" elapsed="8.054634"/>
</kw>
<kw name="Wait For Load State" owner="Browser">
<msg time="2026-02-09T11:35:48.355461" level="INFO">Waiting page load to state to receive domcontentloaded in 10000.0</msg>
<msg time="2026-02-09T11:35:48.360507" level="INFO">Load state domcontentloaded got in 10000</msg>
<arg>domcontentloaded</arg>
<tag>PageContent</tag>
<tag>Wait</tag>
<doc>Waits that the page reaches the required load state.</doc>
<status status="PASS" start="2026-02-09T11:35:48.354862" elapsed="0.005794"/>
</kw>
<doc>Launches the browser.</doc>
<status status="PASS" start="2026-02-09T11:35:37.672296" elapsed="10.688519"/>
</kw>
<kw name="Apply Filter &quot;Available Tomorrow&quot;" owner="booking_keywords">
<kw name="Wait For Elements State" owner="Browser">
<msg time="2026-02-09T11:35:48.402506" level="INFO">Waited for Element with selector xpath=//span[contains(text(),'All Filters')] at state visible</msg>
<arg>${FILTER_AVAILABILITY}</arg>
<arg>visible</arg>
<arg>timeout=3s</arg>
<tag>PageContent</tag>
<tag>Wait</tag>
<doc>Waits for the element found by ``selector`` to satisfy state option.</doc>
<status status="PASS" start="2026-02-09T11:35:48.361622" elapsed="0.041109"/>
</kw>
<kw name="Click" owner="Browser">
<msg time="2026-02-09T11:35:48.403773" level="INFO">Clicks the element 'xpath=//span[contains(text(),'All Filters')]'.</msg>
<arg>${FILTER_AVAILABILITY}</arg>
<tag>PageContent</tag>
<tag>Setter</tag>
<doc>Simulates mouse click on the element found by ``selector``.</doc>
<status status="PASS" start="2026-02-09T11:35:48.403004" elapsed="0.516465"/>
</kw>
<kw name="Wait For Elements State" owner="Browser">
<msg time="2026-02-09T11:35:48.927019" level="INFO">Waited for Element with selector xpath=//span[@data-qa-id='Available Today_label'] at state visible</msg>
<arg>${FILTER_OPTION_TOMORROW}</arg>
<arg>visible</arg>
<arg>timeout=30s</arg>
<tag>PageContent</tag>
<tag>Wait</tag>
<doc>Waits for the element found by ``selector`` to satisfy state option.</doc>
<status status="PASS" start="2026-02-09T11:35:48.919781" elapsed="0.007464"/>
</kw>
<kw name="Click" owner="Browser">
<msg time="2026-02-09T11:35:48.928305" level="INFO">Clicks the element 'xpath=//span[@data-qa-id='Available Today_label']'.</msg>
<arg>${FILTER_OPTION_TOMORROW}</arg>
<tag>PageContent</tag>
<tag>Setter</tag>
<doc>Simulates mouse click on the element found by ``selector``.</doc>
<status status="PASS" start="2026-02-09T11:35:48.927524" elapsed="0.548600"/>
</kw>
<kw name="Wait For Elements State" owner="Browser">
<msg time="2026-02-09T11:35:52.697777" level="INFO">Waited for Element with selector xpath=(//button[@data-qa-id='Reset_Filters']) at state visible</msg>
<arg>${RESET_FILTERS}</arg>
<arg>visible</arg>
<arg>timeout=10s</arg>
<tag>PageContent</tag>
<tag>Wait</tag>
<doc>Waits for the element found by ``selector`` to satisfy state option.</doc>
<status status="PASS" start="2026-02-09T11:35:49.476402" elapsed="3.221638"/>
</kw>
<doc>Selects the filter</doc>
<status status="PASS" start="2026-02-09T11:35:48.361198" elapsed="4.337028"/>
</kw>
<kw name="Select First Doctor" owner="booking_keywords">
<kw name="Wait For Elements State" owner="Browser">
<msg time="2026-02-09T11:35:52.912610" level="INFO">Waited for Element with selector xpath=(.//div[contains(@class,'listing-doctor-card')])[1]//a &gt;&gt; nth=0 at state visible</msg>
<arg>${FIRST_DOCTOR_PROFILE}</arg>
<arg>visible</arg>
<tag>PageContent</tag>
<tag>Wait</tag>
<doc>Waits for the element found by ``selector`` to satisfy state option.</doc>
<status status="PASS" start="2026-02-09T11:35:52.699155" elapsed="0.213658"/>
</kw>
<kw name="Click" owner="Browser">
<msg time="2026-02-09T11:35:52.913705" level="INFO">Clicks the element 'xpath=(.//div[contains(@class,'listing-doctor-card')])[1]//a &gt;&gt; nth=0'.</msg>
<arg>${FIRST_DOCTOR_PROFILE}</arg>
<tag>PageContent</tag>
<tag>Setter</tag>
<doc>Simulates mouse click on the element found by ``selector``.</doc>
<status status="PASS" start="2026-02-09T11:35:52.913045" elapsed="1.163097"/>
</kw>
<kw name="Switch Page" owner="Browser">
<msg time="2026-02-09T11:35:54.077094" level="INFO">Switching to page NEW,context CURRENT, browser CURRENT</msg>
<msg time="2026-02-09T11:35:55.657444" level="INFO">Activated new page page=de5c3ba5-8c31-43b7-946e-63ef6e0b3853</msg>
<arg>NEW</arg>
<tag>BrowserControl</tag>
<tag>Setter</tag>
<doc>Switches the active browser page to another open page by ``id`` or ``NEW``.</doc>
<status status="PASS" start="2026-02-09T11:35:54.076368" elapsed="1.581396"/>
</kw>
<kw name="Wait For Load State" owner="Browser">
<msg time="2026-02-09T11:35:55.658932" level="INFO">Waiting page load to state to receive domcontentloaded in 10000.0</msg>
<msg time="2026-02-09T11:35:55.924740" level="INFO">Load state domcontentloaded got in 10000</msg>
<arg>domcontentloaded</arg>
<tag>PageContent</tag>
<tag>Wait</tag>
<doc>Waits that the page reaches the required load state.</doc>
<status status="PASS" start="2026-02-09T11:35:55.658075" elapsed="0.266847"/>
</kw>
<doc>Clicks doctor profile and handles the new tab safely.</doc>
<status status="PASS" start="2026-02-09T11:35:52.698629" elapsed="3.226415"/>
</kw>
<kw name="Select Next Available Slot" owner="booking_keywords">
<kw name="Wait For Elements State" owner="Browser">
<msg time="2026-02-09T11:35:55.981717" level="INFO">Waited for Element with selector text="Clinic Appointment" at state visible</msg>
<arg>${SLOT_SECTION}</arg>
<arg>visible</arg>
<arg>timeout=${TIMEOUT}</arg>
<tag>PageContent</tag>
<tag>Wait</tag>
<doc>Waits for the element found by ``selector`` to satisfy state option.</doc>
<status status="PASS" start="2026-02-09T11:35:55.925841" elapsed="0.056164"/>
</kw>
<kw name="Scroll To Element" owner="Browser">
<arg>${SLOT_SECTION}</arg>
<tag>PageContent</tag>
<tag>Setter</tag>
<doc>This method waits for actionability checks, then tries to scroll element into view,
unless it is completely visible.</doc>
<status status="PASS" start="2026-02-09T11:35:55.982268" elapsed="0.263575"/>
</kw>
<kw name="Run Keyword And Return Status" owner="BuiltIn">
<kw name="Wait For Elements State" owner="Browser">
<msg time="2026-02-09T11:36:00.155854" level="INFO" html="true">&lt;/td&gt;&lt;/tr&gt;&lt;tr&gt;&lt;td colspan="3"&gt;&lt;a href="browser/screenshot/fail-screenshot-1.png" target="_blank"&gt;&lt;img src="browser/screenshot/fail-screenshot-1.png" width="800px"/&gt;&lt;/a&gt;</msg>
<msg time="2026-02-09T11:36:00.156019" level="INFO">See also file:///Users/user/IdeaProjects/ui-automation/playwright-log.txt for additional details.</msg>
<msg time="2026-02-09T11:36:00.156559" level="FAIL">TimeoutError: locator.waitFor: Timeout 2000ms exceeded.
Call log:
  - waiting for locator('//button[contains(., "Next availability")]') to be visible
</msg>
<arg>${BTN_NEXT_AVAILABILITY}</arg>
<arg>visible</arg>
<arg>timeout=2s</arg>
<tag>PageContent</tag>
<tag>Wait</tag>
<doc>Waits for the element found by ``selector`` to satisfy state option.</doc>
<status status="FAIL" start="2026-02-09T11:35:56.246688" elapsed="3.918024">TimeoutError: locator.waitFor: Timeout 2000ms exceeded.
Call log:
  - waiting for locator('//button[contains(., "Next availability")]') to be visible
</status>
</kw>
<msg time="2026-02-09T11:36:00.165070" level="INFO">${is_next_btn_visible} = False</msg>
<var>${is_next_btn_visible}</var>
<arg>Wait For Elements State</arg>
<arg>${BTN_NEXT_AVAILABILITY}</arg>
<arg>visible</arg>
<arg>timeout=2s</arg>
<doc>Runs the specified keyword and returns the status as a Boolean value.</doc>
<status status="PASS" start="2026-02-09T11:35:56.246089" elapsed="3.919073"/>
</kw>
<kw name="Run Keyword If" owner="BuiltIn">
<arg>${is_next_btn_visible}</arg>
<arg>Click</arg>
<arg>${BTN_NEXT_AVAILABILITY}</arg>
<doc>Runs the given keyword with the given arguments, if ``condition`` is true.</doc>
<status status="PASS" start="2026-02-09T11:36:00.165333" elapsed="0.000375"/>
</kw>
<kw name="Wait For Elements State" owner="Browser">
<msg time="2026-02-09T11:36:00.170890" level="INFO">Waited for Element with selector xpath=(//div[@data-qa-id='slot_time'])[1] at state visible</msg>
<arg>${TIME_SLOT}</arg>
<arg>visible</arg>
<arg>timeout=${TIMEOUT}</arg>
<tag>PageContent</tag>
<tag>Wait</tag>
<doc>Waits for the element found by ``selector`` to satisfy state option.</doc>
<status status="PASS" start="2026-02-09T11:36:00.165828" elapsed="0.005227"/>
</kw>
<kw name="Click" owner="Browser">
<msg time="2026-02-09T11:36:00.171728" level="INFO">Clicks the element 'xpath=(//div[@data-qa-id='slot_time'])[1]'.</msg>
<arg>${TIME_SLOT}</arg>
<tag>PageContent</tag>
<tag>Setter</tag>
<doc>Simulates mouse click on the element found by ``selector``.</doc>
<status status="PASS" start="2026-02-09T11:36:00.171229" elapsed="0.597993"/>
</kw>
<doc>Uses JavaScript to FORCE the click on the slot.</doc>
<status status="PASS" start="2026-02-09T11:35:55.925343" elapsed="4.844022"/>
</kw>
<kw name="Fill Booking Details" owner="booking_keywords">
<kw name="Wait For Elements State" owner="Browser">
<msg time="2026-02-09T11:36:01.898046" level="INFO">Waited for Element with selector text="Enter your mobile number" at state visible</msg>
<arg>${HEADER_LOGIN}</arg>
<arg>visible</arg>
<arg>timeout=${TIMEOUT}</arg>
<tag>PageContent</tag>
<tag>Wait</tag>
<doc>Waits for the element found by ``selector`` to satisfy state option.</doc>
<status status="PASS" start="2026-02-09T11:36:00.770186" elapsed="1.128077"/>
</kw>
<kw name="Type Text" owner="Browser">
<msg time="2026-02-09T11:36:01.899388" level="INFO">Types the text '9999999999' in the given field.</msg>
<arg>${INPUT_MOBILE_LOGIN}</arg>
<arg>${phone}</arg>
<tag>PageContent</tag>
<tag>Setter</tag>
<doc>Types the given ``txt`` into the text field found by ``selector``.</doc>
<status status="PASS" start="2026-02-09T11:36:01.898558" elapsed="0.134619"/>
</kw>
<kw name="Click" owner="Browser">
<msg time="2026-02-09T11:36:02.034016" level="INFO">Clicks the element 'xpath=//button[contains(., "Continue")]'.</msg>
<arg>${BTN_CONTINUE}</arg>
<tag>PageContent</tag>
<tag>Setter</tag>
<doc>Simulates mouse click on the element found by ``selector``.</doc>
<status status="PASS" start="2026-02-09T11:36:02.033412" elapsed="0.275691"/>
</kw>
<kw name="Log" owner="BuiltIn">
<msg time="2026-02-09T11:36:02.309756" level="INFO">"Success: Reached Login Page."</msg>
<arg>"Success: Reached Login Page."</arg>
<doc>Logs the given message with the given level.</doc>
<status status="PASS" start="2026-02-09T11:36:02.309323" elapsed="0.000500"/>
</kw>
<arg>name=TestUser</arg>
<arg>phone=9999999999</arg>
<doc>Verifies we reached the Login Gate.</doc>
<status status="PASS" start="2026-02-09T11:36:00.769673" elapsed="1.540245"/>
</kw>
<msg time="2026-02-09T11:36:02.334108" level="INFO">Switching context to context=0fd5a727-a7f6-447f-af58-81601195a5b4 in CURRENT</msg>
<msg time="2026-02-09T11:36:02.342212" level="INFO">Successfully changed active context: context=0fd5a727-a7f6-447f-af58-81601195a5b4</msg>
<msg time="2026-02-09T11:36:02.568663" level="INFO">Successfully closed Context</msg>
<status status="PASS" start="2026-02-09T11:35:37.671500" elapsed="24.638653"/>
</test>
<status status="PASS" start="2026-02-09T11:35:37.377627" elapsed="25.191748"/>
</suite>
<statistics>
<total>
<stat pass="1" fail="0" skip="0">All Tests</stat>
</total>
<tag>
</tag>
<suite>
<stat name="Booking Flow" id="s1" pass="1" fail="0" skip="0">Booking Flow</stat>
</suite>
</statistics>
<errors>
</errors>
</robot>
